<?xml version="1.0" encoding="UTF-8"?>
<!-- Generated by org.testng.reporters.JUnitReportReporter -->
<testsuite hostname="AIPLLAP423" failures="0" tests="4" name="RestMethods.RestMethod" time="9.077" errors="0" timestamp="2024-08-18T21:20:06 IST" skipped="0">
  <testcase classname="RestMethods.RestMethod" name="CreateUser" time="6.307"/>
  <system-out/>
  <testcase classname="RestMethods.RestMethod" name="UpdateUser" time="1.374"/>
  <system-out/>
  <testcase classname="RestMethods.RestMethod" name="Userlist" time="0.486"/>
  <system-out/>
  <testcase classname="RestMethods.RestMethod" name="DeleteUser" time="0.910"/>
  <system-out/>
</testsuite> <!-- RestMethods.RestMethod -->
