<?xml version="1.0" encoding="UTF-8"?>
<!-- Generated by org.testng.reporters.JUnitReportReporter -->
<testsuite hostname="AIPLLAP423" failures="0" tests="1" name="com.qa.REST.api.BodyDataCreation" time="8.697" errors="0" timestamp="2024-07-18T17:39:03 IST" skipped="0">
  <testcase classname="com.qa.REST.api.BodyDataCreation" name="BodyDataCreateusingExternalFile" time="8.697"/>
  <system-out/>
</testsuite> <!-- com.qa.REST.api.BodyDataCreation -->
