<?xml version="1.0" encoding="UTF-8"?>
<!-- Generated by org.testng.reporters.JUnitReportReporter -->
<testsuite hostname="AIPLLAP423" failures="0" tests="1" name="Validation.ValidateResponse" time="2.221" errors="0" timestamp="2024-07-18T18:08:54 IST" skipped="0">
  <testcase classname="Validation.ValidateResponse" name="Validate_Firstnames" time="2.221"/>
  <system-out/>
</testsuite> <!-- Validation.ValidateResponse -->
