<?xml version="1.0" encoding="UTF-8"?>
<!-- Generated by org.testng.reporters.JUnitReportReporter -->
<testsuite hostname="AIPLLAP423" failures="0" tests="1" name="com.qa.REST.api.QueryAndPathParameter" time="4.901" errors="0" timestamp="2024-07-12T19:11:40 IST" skipped="0">
  <testcase classname="com.qa.REST.api.QueryAndPathParameter" name="QueryandPathParameter" time="4.901"/>
  <system-out/>
</testsuite> <!-- com.qa.REST.api.QueryAndPathParameter -->
