<?xml version="1.0" encoding="UTF-8"?>
<!-- Generated by org.testng.reporters.JUnitReportReporter -->
<testsuite hostname="AIPLLAP423" failures="0" tests="4" name="com.qa.REST.api.GetCall" time="5.327" errors="0" timestamp="2024-07-09T15:26:04 IST" skipped="0">
  <testcase classname="com.qa.REST.api.GetCall" name="Get_users" time="2.811"/>
  <system-out/>
  <testcase classname="com.qa.REST.api.GetCall" name="Create_User" time="1.129"/>
  <system-out/>
  <testcase classname="com.qa.REST.api.GetCall" name="User_update" time="0.796"/>
  <system-out/>
  <testcase classname="com.qa.REST.api.GetCall" name="Delete_User" time="0.591"/>
  <system-out/>
</testsuite> <!-- com.qa.REST.api.GetCall -->
