<?xml version="1.0" encoding="UTF-8"?>
<!-- Generated by org.testng.reporters.JUnitReportReporter -->
<testsuite hostname="AIPLLAP423" failures="0" tests="1" name="com.qa.REST.api.BodyDataCreation" time="6.298" errors="0" timestamp="2024-07-12T15:25:08 IST" skipped="0">
  <testcase classname="com.qa.REST.api.BodyDataCreation" name="BodyDataCreateusingExternalFile" time="6.298"/>
  <system-out/>
</testsuite> <!-- com.qa.REST.api.BodyDataCreation -->
