<?xml version="1.0" encoding="UTF-8"?>
<!-- Generated by org.testng.reporters.JUnitReportReporter -->
<testsuite hostname="AIPLLAP423" failures="0" tests="1" name="com.qa.REST.api.GetCookies" time="4.101" errors="0" timestamp="2024-07-14T15:30:07 IST" skipped="0">
  <testcase classname="com.qa.REST.api.GetCookies" name="get_Multiple_Headers" time="4.101"/>
  <system-out/>
</testsuite> <!-- com.qa.REST.api.GetCookies -->
