<?xml version="1.0" encoding="UTF-8"?>
<!-- Generated by org.testng.reporters.JUnitReportReporter -->
<testsuite hostname="AIPLLAP423" failures="0" tests="4" name="com.qa.REST.api.MMRDA_GetFare" time="9.290" errors="0" timestamp="2024-07-10T14:58:38 IST" skipped="0">
  <testcase classname="com.qa.REST.api.MMRDA_GetFare" name="login_into_application" time="6.982"/>
  <system-out/>
  <testcase classname="com.qa.REST.api.MMRDA_GetFare" name="Get_Metro_Fare" time="0.381"/>
  <system-out/>
  <testcase classname="com.qa.REST.api.MMRDA_GetFare" name="Login_into_Beta_App" time="1.065"/>
  <system-out/>
  <testcase classname="com.qa.REST.api.MMRDA_GetFare" name="Get_Monorail_Fare" time="0.862"/>
  <system-out/>
</testsuite> <!-- com.qa.REST.api.MMRDA_GetFare -->
